-------------------------------------------------------------------------------
Test set: com.gcu.GvisionSiteApplicationTests
-------------------------------------------------------------------------------
Tests run: 1, Failures: 0, Errors: 1, Skipped: 0, Time elapsed: 1.166 s <<< FAILURE! - in com.gcu.GvisionSiteApplicationTests
contextLoads  Time elapsed: 0.008 s  <<< ERROR!
java.lang.IllegalStateException: Failed to load ApplicationContext
Caused by: org.springframework.beans.factory.BeanDefinitionStoreException: Failed to parse configuration class [com.gcu.GvisionSiteApplication]; nested exception is org.springframework.context.annotation.ConflictingBeanDefinitionException: Annotation-specified bean name 'homeController' for bean class [com.gcu.controllers.HomeController] conflicts with existing, non-compatible bean definition of same name and class [com.gcu.HomeController]
Caused by: org.springframework.context.annotation.ConflictingBeanDefinitionException: Annotation-specified bean name 'homeController' for bean class [com.gcu.controllers.HomeController] conflicts with existing, non-compatible bean definition of same name and class [com.gcu.HomeController]

